<?xml version="1.0" encoding="UTF-8"?>
<!-- Generated by org.testng.reporters.JUnitXMLReporter -->
<testsuite ignored="4" hostname="DESKTOP-BUGKGO7" failures="0" tests="6" name="Test3" time="0.05" errors="0" timestamp="2026-03-28T16:02:19 IST">
  <testcase classname="buildersMaven.Test2" name="m1" time="0.005"/>
  <testcase classname="buildersMaven.Test2" name="m2" time="0.001"/>
  <testcase classname="buildersMaven.Test3" name="MobileLogin" time="0.001"/>
  <testcase classname="buildersMaven.Test3" name="MobileLogout" time="0.001"/>
  <testcase classname="buildersMaven.Test3" name="WebLogout" time="0.001"/>
  <testcase classname="buildersMaven.Test3" name="webLogin" time="0.0"/>
  <testcase classname="buildersMaven.Test3" name="WebOrder" time="0.0">
    <ignored/>
  </testcase> <!-- WebOrder -->
  <testcase classname="buildersMaven.Test3" name="MobileOrder" time="0.0">
    <ignored/>
  </testcase> <!-- MobileOrder -->
  <testcase classname="buildersMaven.Test2" name="m3" time="0.0">
    <ignored/>
  </testcase> <!-- m3 -->
  <testcase classname="buildersMaven.Test2" name="m4" time="0.0">
    <ignored/>
  </testcase> <!-- m4 -->
</testsuite> <!-- Test3 -->
