<?xml version="1.0" encoding="UTF-8"?>
<testng-results ignored="0" total="2" passed="2" failed="0" skipped="0">
  <reporter-output>
  </reporter-output>
  <suite started-at="2026-04-02T08:51:06 IST" name="Default suite" finished-at="2026-04-02T08:51:06 IST" duration-ms="48">
    <groups>
    </groups>
    <test started-at="2026-04-02T08:51:06 IST" name="Default test" finished-at="2026-04-02T08:51:06 IST" duration-ms="48">
      <class name="buildersMaven.PS2">
        <test-method is-config="true" signature="beforeT()[pri:0, instance:buildersMaven.PS2@397fbdb]" started-at="2026-04-02T08:51:06 IST" name="beforeT" finished-at="2026-04-02T08:51:06 IST" duration-ms="11" status="PASS">
          <reporter-output>
          </reporter-output>
        </test-method> <!-- beforeT -->
        <test-method is-config="true" signature="beforeTes()[pri:0, instance:buildersMaven.PS2@397fbdb]" started-at="2026-04-02T08:51:06 IST" name="beforeTes" finished-at="2026-04-02T08:51:06 IST" depends-on-methods="buildersMaven.PS1.beforeT" duration-ms="0" status="PASS">
          <reporter-output>
          </reporter-output>
        </test-method> <!-- beforeTes -->
        <test-method signature="m2()[pri:0, instance:buildersMaven.PS2@397fbdb]" started-at="2026-04-02T08:51:06 IST" name="m2" finished-at="2026-04-02T08:51:06 IST" duration-ms="7" status="PASS">
          <reporter-output>
          </reporter-output>
        </test-method> <!-- m2 -->
        <test-method signature="m3()[pri:0, instance:buildersMaven.PS2@397fbdb]" started-at="2026-04-02T08:51:06 IST" name="m3" finished-at="2026-04-02T08:51:06 IST" duration-ms="2" status="PASS">
          <reporter-output>
          </reporter-output>
        </test-method> <!-- m3 -->
      </class> <!-- buildersMaven.PS2 -->
    </test> <!-- Default test -->
  </suite> <!-- Default suite -->
</testng-results>
