<?xml version="1.0" encoding="UTF-8"?>
<!-- Generated by org.testng.reporters.JUnitReportReporter -->
<testsuite hostname="DESKTOP-BUGKGO7" failures="0" tests="4" name="buildersMaven.Test1" time="0.016" errors="0" timestamp="2026-03-25T07:33:38 IST" skipped="0">
  <testcase classname="buildersMaven.Test1" name="m2" time="0.007"/>
  <testcase classname="buildersMaven.Test1" name="m1" time="0.006"/>
  <testcase classname="buildersMaven.Test1" name="m3" time="0.001"/>
  <testcase classname="buildersMaven.Test1" name="m4" time="0.002"/>
</testsuite> <!-- buildersMaven.Test1 -->
