<?xml version="1.0" encoding="UTF-8"?>
<!-- Generated by org.testng.reporters.JUnitReportReporter -->
<testsuite hostname="DESKTOP-BUGKGO7" failures="0" tests="4" name="buildersMaven.DataProviderClass" time="0.010" errors="0" timestamp="2026-03-30T00:53:49 IST" skipped="0">
  <testcase classname="buildersMaven.DataProviderClass" name="printData" time="0.007"/>
  <testcase classname="buildersMaven.DataProviderClass" name="printData" time="0.001"/>
  <testcase classname="buildersMaven.DataProviderClass" name="printData" time="0.001"/>
  <testcase classname="buildersMaven.DataProviderClass" name="printData" time="0.001"/>
</testsuite> <!-- buildersMaven.DataProviderClass -->
