<?xml version="1.0" encoding="UTF-8"?>
<!-- Generated by org.testng.reporters.JUnitReportReporter -->
<testsuite hostname="DESKTOP-BUGKGO7" failures="0" tests="4" name="buildersMaven.Test3" time="0.003" errors="0" timestamp="2026-03-28T16:02:19 IST" skipped="0">
  <testcase classname="buildersMaven.Test3" name="WebLogout" time="0.001"/>
  <testcase classname="buildersMaven.Test3" name="webLogin" time="0.000"/>
  <testcase classname="buildersMaven.Test3" name="MobileLogin" time="0.001"/>
  <testcase classname="buildersMaven.Test3" name="MobileLogout" time="0.001"/>
</testsuite> <!-- buildersMaven.Test3 -->
